
*** Running vivado
    with args -log design_1_main_0_0.vds -m64 -product Vivado -mode batch -messageDb vivado.pb -notrace -source design_1_main_0_0.tcl


****** Vivado v2018.1 (64-bit)
  **** SW Build 2188600 on Wed Apr  4 18:40:38 MDT 2018
  **** IP Build 2185939 on Wed Apr  4 20:55:05 MDT 2018
    ** Copyright 1986-2018 Xilinx, Inc. All Rights Reserved.

source design_1_main_0_0.tcl -notrace
Command: synth_design -top design_1_main_0_0 -part xc7z010clg400-1 -mode out_of_context
Starting synth_design
Attempting to get a license for feature 'Synthesis' and/or device 'xc7z010'
INFO: [Common 17-349] Got license for feature 'Synthesis' and/or device 'xc7z010'
INFO: Launching helper process for spawning children vivado processes
INFO: Helper process launched with PID 5996 
---------------------------------------------------------------------------------
Starting RTL Elaboration : Time (s): cpu = 00:00:09 ; elapsed = 00:00:10 . Memory (MB): peak = 452.063 ; gain = 99.852
---------------------------------------------------------------------------------
INFO: [Synth 8-6157] synthesizing module 'design_1_main_0_0' [c:/Users/HEP/Documents/universefactory/project/project.srcs/sources_1/bd/design_1/ip/design_1_main_0_0/synth/design_1_main_0_0.v:57]
INFO: [Synth 8-6157] synthesizing module 'main' [c:/Users/HEP/Documents/universefactory/project/Users/HEP/Documents/universefactory/main/main.srcs/sources_1/new/main.v:24]
INFO: [Synth 8-6157] synthesizing module 'OBUFDS' [C:/Xilinx/Vivado/2018.1/scripts/rt/data/unisim_comp.v:27288]
	Parameter CAPACITANCE bound to: DONT_CARE - type: string 
	Parameter IOSTANDARD bound to: LVDS_25 - type: string 
	Parameter SLEW bound to: SLOW - type: string 
INFO: [Synth 8-6155] done synthesizing module 'OBUFDS' (1#1) [C:/Xilinx/Vivado/2018.1/scripts/rt/data/unisim_comp.v:27288]
INFO: [Synth 8-6155] done synthesizing module 'main' (2#1) [c:/Users/HEP/Documents/universefactory/project/Users/HEP/Documents/universefactory/main/main.srcs/sources_1/new/main.v:24]
INFO: [Synth 8-6155] done synthesizing module 'design_1_main_0_0' (3#1) [c:/Users/HEP/Documents/universefactory/project/project.srcs/sources_1/bd/design_1/ip/design_1_main_0_0/synth/design_1_main_0_0.v:57]
WARNING: [Synth 8-3331] design main has unconnected port dtm_cmd_out
WARNING: [Synth 8-3331] design main has unconnected port rst_n
WARNING: [Synth 8-3331] design main has unconnected port dtm_data_out[11]
WARNING: [Synth 8-3331] design main has unconnected port dtm_data_out[10]
WARNING: [Synth 8-3331] design main has unconnected port dtm_data_out[9]
WARNING: [Synth 8-3331] design main has unconnected port dtm_data_out[8]
WARNING: [Synth 8-3331] design main has unconnected port dtm_data_out[7]
WARNING: [Synth 8-3331] design main has unconnected port dtm_data_out[6]
WARNING: [Synth 8-3331] design main has unconnected port dtm_data_out[5]
WARNING: [Synth 8-3331] design main has unconnected port dtm_data_out[4]
WARNING: [Synth 8-3331] design main has unconnected port dtm_data_out[3]
WARNING: [Synth 8-3331] design main has unconnected port dtm_data_out[2]
WARNING: [Synth 8-3331] design main has unconnected port dtm_data_out[1]
WARNING: [Synth 8-3331] design main has unconnected port dtm_data_out[0]
---------------------------------------------------------------------------------
Finished RTL Elaboration : Time (s): cpu = 00:00:10 ; elapsed = 00:00:12 . Memory (MB): peak = 502.309 ; gain = 150.098
---------------------------------------------------------------------------------

Report Check Netlist: 
+------+------------------+-------+---------+-------+------------------+
|      |Item              |Errors |Warnings |Status |Description       |
+------+------------------+-------+---------+-------+------------------+
|1     |multi_driven_nets |      0|        0|Passed |Multi driven nets |
+------+------------------+-------+---------+-------+------------------+
---------------------------------------------------------------------------------
Start Handling Custom Attributes
---------------------------------------------------------------------------------
---------------------------------------------------------------------------------
Finished Handling Custom Attributes : Time (s): cpu = 00:00:10 ; elapsed = 00:00:12 . Memory (MB): peak = 502.309 ; gain = 150.098
---------------------------------------------------------------------------------
---------------------------------------------------------------------------------
Finished RTL Optimization Phase 1 : Time (s): cpu = 00:00:10 ; elapsed = 00:00:12 . Memory (MB): peak = 502.309 ; gain = 150.098
---------------------------------------------------------------------------------
INFO: [Netlist 29-17] Analyzing 2 Unisim elements for replacement
INFO: [Netlist 29-28] Unisim Transformation completed in 0 CPU seconds
INFO: [Device 21-403] Loading part xc7z010clg400-1
INFO: [Project 1-570] Preparing netlist for logic optimization

Processing XDC Constraints
Initializing timing engine
Parsing XDC File [c:/Users/HEP/Documents/universefactory/project/Users/HEP/Documents/universefactory/main/main.srcs/constrs_1/new/pinout.xdc] for cell 'inst'
Finished Parsing XDC File [c:/Users/HEP/Documents/universefactory/project/Users/HEP/Documents/universefactory/main/main.srcs/constrs_1/new/pinout.xdc] for cell 'inst'
Parsing XDC File [C:/Users/HEP/Documents/universefactory/project/project.runs/design_1_main_0_0_synth_1/dont_touch.xdc]
Finished Parsing XDC File [C:/Users/HEP/Documents/universefactory/project/project.runs/design_1_main_0_0_synth_1/dont_touch.xdc]
Completed Processing XDC Constraints

INFO: [Project 1-111] Unisim Transformation Summary:
No Unisim elements were transformed.

Constraint Validation Runtime : Time (s): cpu = 00:00:00 ; elapsed = 00:00:00.059 . Memory (MB): peak = 816.238 ; gain = 0.000
---------------------------------------------------------------------------------
Finished Constraint Validation : Time (s): cpu = 00:00:30 ; elapsed = 00:00:34 . Memory (MB): peak = 816.238 ; gain = 464.027
---------------------------------------------------------------------------------
---------------------------------------------------------------------------------
Start Loading Part and Timing Information
---------------------------------------------------------------------------------
Loading part: xc7z010clg400-1
---------------------------------------------------------------------------------
Finished Loading Part and Timing Information : Time (s): cpu = 00:00:30 ; elapsed = 00:00:34 . Memory (MB): peak = 816.238 ; gain = 464.027
---------------------------------------------------------------------------------
---------------------------------------------------------------------------------
Start Applying 'set_property' XDC Constraints
---------------------------------------------------------------------------------
Applied set_property DONT_TOUCH = true for inst. (constraint file  C:/Users/HEP/Documents/universefactory/project/project.runs/design_1_main_0_0_synth_1/dont_touch.xdc, line 9).
---------------------------------------------------------------------------------
Finished applying 'set_property' XDC Constraints : Time (s): cpu = 00:00:30 ; elapsed = 00:00:35 . Memory (MB): peak = 816.238 ; gain = 464.027
---------------------------------------------------------------------------------
INFO: [Synth 8-5545] ROM "dtm_cmd_in" won't be mapped to RAM because address size (32) is larger than maximum supported(25)
INFO: [Synth 8-5545] ROM "dtm_cmd_in" won't be mapped to RAM because address size (32) is larger than maximum supported(25)
INFO: [Synth 8-5545] ROM "msg" won't be mapped to RAM because address size (32) is larger than maximum supported(25)
INFO: [Synth 8-5545] ROM "msgcntr" won't be mapped to RAM because address size (32) is larger than maximum supported(25)
---------------------------------------------------------------------------------
Finished RTL Optimization Phase 2 : Time (s): cpu = 00:00:31 ; elapsed = 00:00:36 . Memory (MB): peak = 816.238 ; gain = 464.027
---------------------------------------------------------------------------------

Report RTL Partitions: 
+-+--------------+------------+----------+
| |RTL Partition |Replication |Instances |
+-+--------------+------------+----------+
+-+--------------+------------+----------+
---------------------------------------------------------------------------------
Start RTL Component Statistics 
---------------------------------------------------------------------------------
Detailed RTL Component Info : 
+---Adders : 
	   2 Input     32 Bit       Adders := 1     
	   2 Input      1 Bit       Adders := 1     
+---Registers : 
	              171 Bit    Registers := 1     
	               32 Bit    Registers := 1     
	                1 Bit    Registers := 2     
+---Muxes : 
	   2 Input    171 Bit        Muxes := 1     
	   2 Input    147 Bit        Muxes := 1     
	   2 Input     32 Bit        Muxes := 1     
	   2 Input      1 Bit        Muxes := 2     
---------------------------------------------------------------------------------
Finished RTL Component Statistics 
---------------------------------------------------------------------------------
---------------------------------------------------------------------------------
Start RTL Hierarchical Component Statistics 
---------------------------------------------------------------------------------
Hierarchical RTL Component report 
Module main 
Detailed RTL Component Info : 
+---Adders : 
	   2 Input     32 Bit       Adders := 1     
	   2 Input      1 Bit       Adders := 1     
+---Registers : 
	              171 Bit    Registers := 1     
	               32 Bit    Registers := 1     
	                1 Bit    Registers := 2     
+---Muxes : 
	   2 Input    171 Bit        Muxes := 1     
	   2 Input    147 Bit        Muxes := 1     
	   2 Input     32 Bit        Muxes := 1     
	   2 Input      1 Bit        Muxes := 2     
---------------------------------------------------------------------------------
Finished RTL Hierarchical Component Statistics
---------------------------------------------------------------------------------
---------------------------------------------------------------------------------
Start Part Resource Summary
---------------------------------------------------------------------------------
Part Resources:
DSPs: 80 (col length:40)
BRAMs: 120 (col length: RAMB18 40 RAMB36 20)
---------------------------------------------------------------------------------
Finished Part Resource Summary
---------------------------------------------------------------------------------
---------------------------------------------------------------------------------
Start Cross Boundary and Area Optimization
---------------------------------------------------------------------------------
Warning: Parallel synthesis criteria is not met 
INFO: [Synth 8-5545] ROM "msgcntr" won't be mapped to RAM because address size (32) is larger than maximum supported(25)
INFO: [Synth 8-5545] ROM "dtm_cmd_in" won't be mapped to RAM because address size (32) is larger than maximum supported(25)
INFO: [Synth 8-5545] ROM "dtm_cmd_in" won't be mapped to RAM because address size (32) is larger than maximum supported(25)
INFO: [Synth 8-5545] ROM "msg" won't be mapped to RAM because address size (32) is larger than maximum supported(25)
WARNING: [Synth 8-3331] design main has unconnected port dtm_cmd_out
WARNING: [Synth 8-3331] design main has unconnected port rst_n
WARNING: [Synth 8-3331] design main has unconnected port dtm_data_out[11]
WARNING: [Synth 8-3331] design main has unconnected port dtm_data_out[10]
WARNING: [Synth 8-3331] design main has unconnected port dtm_data_out[9]
WARNING: [Synth 8-3331] design main has unconnected port dtm_data_out[8]
WARNING: [Synth 8-3331] design main has unconnected port dtm_data_out[7]
WARNING: [Synth 8-3331] design main has unconnected port dtm_data_out[6]
WARNING: [Synth 8-3331] design main has unconnected port dtm_data_out[5]
WARNING: [Synth 8-3331] design main has unconnected port dtm_data_out[4]
WARNING: [Synth 8-3331] design main has unconnected port dtm_data_out[3]
WARNING: [Synth 8-3331] design main has unconnected port dtm_data_out[2]
WARNING: [Synth 8-3331] design main has unconnected port dtm_data_out[1]
WARNING: [Synth 8-3331] design main has unconnected port dtm_data_out[0]
INFO: [Synth 8-3333] propagating constant 0 across sequential element (inst/\msg_reg[170] )
INFO: [Synth 8-3886] merging instance 'inst/msg_reg[169]' (FDR) to 'inst/msg_reg[170]'
INFO: [Synth 8-3333] propagating constant 0 across sequential element (inst/\msg_reg[170] )
INFO: [Synth 8-3886] merging instance 'inst/msg_reg[168]' (FDR) to 'inst/msg_reg[170]'
INFO: [Synth 8-3333] propagating constant 0 across sequential element (inst/\msg_reg[170] )
INFO: [Synth 8-3886] merging instance 'inst/msg_reg[167]' (FDR) to 'inst/msg_reg[170]'
INFO: [Synth 8-3333] propagating constant 0 across sequential element (inst/\msg_reg[170] )
INFO: [Synth 8-3886] merging instance 'inst/msg_reg[166]' (FDR) to 'inst/msg_reg[170]'
INFO: [Synth 8-3333] propagating constant 0 across sequential element (inst/\msg_reg[170] )
INFO: [Synth 8-3886] merging instance 'inst/msg_reg[165]' (FDR) to 'inst/msg_reg[170]'
INFO: [Synth 8-3333] propagating constant 0 across sequential element (inst/\msg_reg[170] )
INFO: [Synth 8-3886] merging instance 'inst/msg_reg[164]' (FDR) to 'inst/msg_reg[170]'
INFO: [Synth 8-3333] propagating constant 0 across sequential element (inst/\msg_reg[170] )
INFO: [Synth 8-3886] merging instance 'inst/msg_reg[163]' (FDR) to 'inst/msg_reg[170]'
INFO: [Synth 8-3333] propagating constant 0 across sequential element (inst/\msg_reg[170] )
INFO: [Synth 8-3886] merging instance 'inst/msg_reg[162]' (FDR) to 'inst/msg_reg[170]'
INFO: [Synth 8-3333] propagating constant 0 across sequential element (inst/\msg_reg[170] )
INFO: [Synth 8-3886] merging instance 'inst/msg_reg[161]' (FDR) to 'inst/msg_reg[170]'
INFO: [Synth 8-3333] propagating constant 0 across sequential element (inst/\msg_reg[170] )
INFO: [Synth 8-3886] merging instance 'inst/msg_reg[160]' (FDR) to 'inst/msg_reg[170]'
INFO: [Synth 8-3333] propagating constant 0 across sequential element (inst/\msg_reg[170] )
INFO: [Synth 8-3886] merging instance 'inst/msg_reg[159]' (FDR) to 'inst/msg_reg[170]'
INFO: [Synth 8-3333] propagating constant 0 across sequential element (inst/\msg_reg[170] )
INFO: [Synth 8-3886] merging instance 'inst/msg_reg[158]' (FDR) to 'inst/msg_reg[170]'
INFO: [Synth 8-3333] propagating constant 0 across sequential element (inst/\msg_reg[170] )
INFO: [Synth 8-3886] merging instance 'inst/msg_reg[157]' (FDR) to 'inst/msg_reg[170]'
INFO: [Synth 8-3333] propagating constant 0 across sequential element (inst/\msg_reg[170] )
INFO: [Synth 8-3886] merging instance 'inst/msg_reg[156]' (FDR) to 'inst/msg_reg[170]'
INFO: [Synth 8-3333] propagating constant 0 across sequential element (inst/\msg_reg[170] )
INFO: [Synth 8-3886] merging instance 'inst/msg_reg[155]' (FDR) to 'inst/msg_reg[170]'
INFO: [Synth 8-3333] propagating constant 0 across sequential element (inst/\msg_reg[170] )
INFO: [Synth 8-3886] merging instance 'inst/msg_reg[154]' (FDR) to 'inst/msg_reg[170]'
INFO: [Synth 8-3333] propagating constant 0 across sequential element (inst/\msg_reg[170] )
INFO: [Synth 8-3886] merging instance 'inst/msg_reg[153]' (FDR) to 'inst/msg_reg[170]'
INFO: [Synth 8-3333] propagating constant 0 across sequential element (inst/\msg_reg[170] )
INFO: [Synth 8-3886] merging instance 'inst/msg_reg[152]' (FDR) to 'inst/msg_reg[170]'
INFO: [Synth 8-3333] propagating constant 0 across sequential element (inst/\msg_reg[170] )
INFO: [Synth 8-3886] merging instance 'inst/msg_reg[151]' (FDR) to 'inst/msg_reg[170]'
INFO: [Synth 8-3333] propagating constant 0 across sequential element (inst/\msg_reg[170] )
INFO: [Synth 8-3886] merging instance 'inst/msg_reg[150]' (FDR) to 'inst/msg_reg[170]'
INFO: [Synth 8-3333] propagating constant 0 across sequential element (inst/\msg_reg[170] )
INFO: [Synth 8-3886] merging instance 'inst/msg_reg[149]' (FDR) to 'inst/msg_reg[170]'
INFO: [Synth 8-3333] propagating constant 0 across sequential element (inst/\msg_reg[170] )
INFO: [Synth 8-3886] merging instance 'inst/msg_reg[148]' (FDR) to 'inst/msg_reg[170]'
INFO: [Synth 8-3333] propagating constant 0 across sequential element (inst/\msg_reg[170] )
INFO: [Synth 8-3886] merging instance 'inst/msg_reg[147]' (FDR) to 'inst/msg_reg[170]'
INFO: [Synth 8-3333] propagating constant 0 across sequential element (inst/\msg_reg[170] )
INFO: [Synth 8-3886] merging instance 'inst/msg_reg[146]' (FDR) to 'inst/msg_reg[170]'
INFO: [Synth 8-3333] propagating constant 0 across sequential element (inst/\msg_reg[170] )
INFO: [Synth 8-3886] merging instance 'inst/msg_reg[145]' (FDR) to 'inst/msg_reg[170]'
INFO: [Synth 8-3333] propagating constant 0 across sequential element (inst/\msg_reg[170] )
INFO: [Synth 8-3886] merging instance 'inst/msg_reg[144]' (FDR) to 'inst/msg_reg[170]'
INFO: [Synth 8-3333] propagating constant 0 across sequential element (inst/\msg_reg[170] )
INFO: [Synth 8-3886] merging instance 'inst/msg_reg[143]' (FDR) to 'inst/msg_reg[170]'
INFO: [Synth 8-3333] propagating constant 0 across sequential element (inst/\msg_reg[170] )
INFO: [Synth 8-3886] merging instance 'inst/msg_reg[142]' (FDR) to 'inst/msg_reg[170]'
INFO: [Synth 8-3333] propagating constant 0 across sequential element (inst/\msg_reg[170] )
INFO: [Synth 8-3886] merging instance 'inst/msg_reg[141]' (FDR) to 'inst/msg_reg[170]'
INFO: [Synth 8-3333] propagating constant 0 across sequential element (inst/\msg_reg[170] )
INFO: [Synth 8-3886] merging instance 'inst/msg_reg[140]' (FDR) to 'inst/msg_reg[170]'
INFO: [Synth 8-3333] propagating constant 0 across sequential element (inst/\msg_reg[170] )
INFO: [Synth 8-3886] merging instance 'inst/msg_reg[139]' (FDR) to 'inst/msg_reg[170]'
INFO: [Synth 8-3333] propagating constant 0 across sequential element (inst/\msg_reg[170] )
INFO: [Synth 8-3886] merging instance 'inst/msg_reg[138]' (FDR) to 'inst/msg_reg[170]'
INFO: [Synth 8-3333] propagating constant 0 across sequential element (inst/\msg_reg[170] )
INFO: [Synth 8-3886] merging instance 'inst/msg_reg[137]' (FDR) to 'inst/msg_reg[170]'
INFO: [Synth 8-3333] propagating constant 0 across sequential element (inst/\msg_reg[170] )
INFO: [Synth 8-3886] merging instance 'inst/msg_reg[136]' (FDR) to 'inst/msg_reg[170]'
INFO: [Synth 8-3333] propagating constant 0 across sequential element (inst/\msg_reg[170] )
INFO: [Synth 8-3886] merging instance 'inst/msg_reg[135]' (FDR) to 'inst/msg_reg[170]'
INFO: [Synth 8-3333] propagating constant 0 across sequential element (inst/\msg_reg[170] )
INFO: [Synth 8-3886] merging instance 'inst/msg_reg[134]' (FDR) to 'inst/msg_reg[170]'
INFO: [Synth 8-3333] propagating constant 0 across sequential element (inst/\msg_reg[170] )
INFO: [Synth 8-3886] merging instance 'inst/msg_reg[133]' (FDR) to 'inst/msg_reg[170]'
INFO: [Synth 8-3333] propagating constant 0 across sequential element (inst/\msg_reg[170] )
INFO: [Synth 8-3886] merging instance 'inst/msg_reg[132]' (FDR) to 'inst/msg_reg[170]'
INFO: [Synth 8-3333] propagating constant 0 across sequential element (inst/\msg_reg[170] )
INFO: [Synth 8-3886] merging instance 'inst/msg_reg[131]' (FDR) to 'inst/msg_reg[170]'
INFO: [Synth 8-3333] propagating constant 0 across sequential element (inst/\msg_reg[170] )
INFO: [Synth 8-3886] merging instance 'inst/msg_reg[130]' (FDR) to 'inst/msg_reg[170]'
INFO: [Synth 8-3333] propagating constant 0 across sequential element (inst/\msg_reg[170] )
INFO: [Synth 8-3886] merging instance 'inst/msg_reg[129]' (FDR) to 'inst/msg_reg[170]'
INFO: [Synth 8-3333] propagating constant 0 across sequential element (inst/\msg_reg[170] )
INFO: [Synth 8-3886] merging instance 'inst/msg_reg[128]' (FDR) to 'inst/msg_reg[170]'
INFO: [Synth 8-3333] propagating constant 0 across sequential element (inst/\msg_reg[170] )
INFO: [Synth 8-3886] merging instance 'inst/msg_reg[127]' (FDR) to 'inst/msg_reg[170]'
INFO: [Synth 8-3333] propagating constant 0 across sequential element (inst/\msg_reg[170] )
INFO: [Synth 8-3886] merging instance 'inst/msg_reg[126]' (FDR) to 'inst/msg_reg[170]'
INFO: [Synth 8-3333] propagating constant 0 across sequential element (inst/\msg_reg[170] )
INFO: [Synth 8-3886] merging instance 'inst/msg_reg[125]' (FDR) to 'inst/msg_reg[170]'
INFO: [Synth 8-3333] propagating constant 0 across sequential element (inst/\msg_reg[170] )
INFO: [Synth 8-3886] merging instance 'inst/msg_reg[124]' (FDR) to 'inst/msg_reg[170]'
INFO: [Synth 8-3333] propagating constant 0 across sequential element (inst/\msg_reg[170] )
INFO: [Synth 8-3886] merging instance 'inst/msg_reg[123]' (FDR) to 'inst/msg_reg[170]'
INFO: [Synth 8-3333] propagating constant 0 across sequential element (inst/\msg_reg[170] )
INFO: [Synth 8-3886] merging instance 'inst/msg_reg[122]' (FDR) to 'inst/msg_reg[170]'
INFO: [Synth 8-3333] propagating constant 0 across sequential element (inst/\msg_reg[170] )
INFO: [Synth 8-3886] merging instance 'inst/msg_reg[121]' (FDR) to 'inst/msg_reg[170]'
INFO: [Synth 8-3333] propagating constant 0 across sequential element (inst/\msg_reg[170] )
INFO: [Synth 8-3886] merging instance 'inst/msg_reg[120]' (FDR) to 'inst/msg_reg[170]'
INFO: [Synth 8-3333] propagating constant 0 across sequential element (inst/\msg_reg[170] )
INFO: [Synth 8-3886] merging instance 'inst/msg_reg[119]' (FDR) to 'inst/msg_reg[170]'
INFO: [Synth 8-3333] propagating constant 0 across sequential element (inst/\msg_reg[170] )
INFO: [Synth 8-3886] merging instance 'inst/msg_reg[118]' (FDR) to 'inst/msg_reg[170]'
INFO: [Synth 8-3333] propagating constant 0 across sequential element (inst/\msg_reg[170] )
INFO: [Synth 8-3886] merging instance 'inst/msg_reg[117]' (FDR) to 'inst/msg_reg[170]'
INFO: [Synth 8-3333] propagating constant 0 across sequential element (inst/\msg_reg[170] )
INFO: [Synth 8-3886] merging instance 'inst/msg_reg[116]' (FDR) to 'inst/msg_reg[170]'
INFO: [Synth 8-3333] propagating constant 0 across sequential element (inst/\msg_reg[170] )
INFO: [Synth 8-3886] merging instance 'inst/msg_reg[115]' (FDR) to 'inst/msg_reg[170]'
INFO: [Synth 8-3333] propagating constant 0 across sequential element (inst/\msg_reg[170] )
INFO: [Synth 8-3886] merging instance 'inst/msg_reg[114]' (FDR) to 'inst/msg_reg[170]'
INFO: [Synth 8-3333] propagating constant 0 across sequential element (inst/\msg_reg[170] )
INFO: [Synth 8-3886] merging instance 'inst/msg_reg[113]' (FDR) to 'inst/msg_reg[170]'
INFO: [Synth 8-3333] propagating constant 0 across sequential element (inst/\msg_reg[170] )
INFO: [Synth 8-3886] merging instance 'inst/msg_reg[112]' (FDR) to 'inst/msg_reg[170]'
INFO: [Synth 8-3333] propagating constant 0 across sequential element (inst/\msg_reg[170] )
INFO: [Synth 8-3886] merging instance 'inst/msg_reg[111]' (FDR) to 'inst/msg_reg[170]'
INFO: [Synth 8-3333] propagating constant 0 across sequential element (inst/\msg_reg[170] )
INFO: [Synth 8-3886] merging instance 'inst/msg_reg[110]' (FDR) to 'inst/msg_reg[170]'
INFO: [Synth 8-3333] propagating constant 0 across sequential element (inst/\msg_reg[170] )
INFO: [Synth 8-3886] merging instance 'inst/msg_reg[109]' (FDR) to 'inst/msg_reg[170]'
INFO: [Synth 8-3333] propagating constant 0 across sequential element (inst/\msg_reg[170] )
INFO: [Synth 8-3886] merging instance 'inst/msg_reg[108]' (FDR) to 'inst/msg_reg[170]'
INFO: [Synth 8-3333] propagating constant 0 across sequential element (inst/\msg_reg[170] )
INFO: [Synth 8-3886] merging instance 'inst/msg_reg[107]' (FDR) to 'inst/msg_reg[170]'
INFO: [Synth 8-3333] propagating constant 0 across sequential element (inst/\msg_reg[170] )
INFO: [Synth 8-3886] merging instance 'inst/msg_reg[106]' (FDR) to 'inst/msg_reg[170]'
INFO: [Synth 8-3333] propagating constant 0 across sequential element (inst/\msg_reg[170] )
INFO: [Synth 8-3886] merging instance 'inst/msg_reg[105]' (FDR) to 'inst/msg_reg[170]'
INFO: [Synth 8-3333] propagating constant 0 across sequential element (inst/\msg_reg[170] )
INFO: [Synth 8-3886] merging instance 'inst/msg_reg[104]' (FDR) to 'inst/msg_reg[170]'
INFO: [Synth 8-3333] propagating constant 0 across sequential element (inst/\msg_reg[170] )
INFO: [Synth 8-3886] merging instance 'inst/msg_reg[103]' (FDR) to 'inst/msg_reg[170]'
INFO: [Synth 8-3333] propagating constant 0 across sequential element (inst/\msg_reg[170] )
INFO: [Synth 8-3886] merging instance 'inst/msg_reg[102]' (FDR) to 'inst/msg_reg[170]'
INFO: [Synth 8-3333] propagating constant 0 across sequential element (inst/\msg_reg[170] )
INFO: [Synth 8-3886] merging instance 'inst/msg_reg[101]' (FDR) to 'inst/msg_reg[170]'
INFO: [Synth 8-3333] propagating constant 0 across sequential element (inst/\msg_reg[170] )
INFO: [Synth 8-3886] merging instance 'inst/msg_reg[100]' (FDR) to 'inst/msg_reg[170]'
INFO: [Synth 8-3333] propagating constant 0 across sequential element (inst/\msg_reg[170] )
INFO: [Synth 8-3886] merging instance 'inst/msg_reg[99]' (FDR) to 'inst/msg_reg[170]'
INFO: [Synth 8-3333] propagating constant 0 across sequential element (inst/\msg_reg[170] )
INFO: [Synth 8-3886] merging instance 'inst/msg_reg[98]' (FDR) to 'inst/msg_reg[170]'
INFO: [Synth 8-3333] propagating constant 0 across sequential element (inst/\msg_reg[170] )
INFO: [Synth 8-3886] merging instance 'inst/msg_reg[97]' (FDR) to 'inst/msg_reg[170]'
INFO: [Synth 8-3333] propagating constant 0 across sequential element (inst/\msg_reg[170] )
INFO: [Synth 8-3886] merging instance 'inst/msg_reg[96]' (FDR) to 'inst/msg_reg[170]'
INFO: [Synth 8-3333] propagating constant 0 across sequential element (inst/\msg_reg[170] )
INFO: [Synth 8-3886] merging instance 'inst/msg_reg[95]' (FDR) to 'inst/msg_reg[170]'
INFO: [Synth 8-3333] propagating constant 0 across sequential element (inst/\msg_reg[170] )
INFO: [Synth 8-3886] merging instance 'inst/msg_reg[94]' (FDR) to 'inst/msg_reg[170]'
INFO: [Synth 8-3333] propagating constant 0 across sequential element (inst/\msg_reg[170] )
INFO: [Synth 8-3886] merging instance 'inst/msg_reg[93]' (FDR) to 'inst/msg_reg[170]'
INFO: [Synth 8-3333] propagating constant 0 across sequential element (inst/\msg_reg[170] )
INFO: [Synth 8-3886] merging instance 'inst/msg_reg[92]' (FDR) to 'inst/msg_reg[170]'
INFO: [Synth 8-3333] propagating constant 0 across sequential element (inst/\msg_reg[170] )
INFO: [Synth 8-3886] merging instance 'inst/msg_reg[91]' (FDR) to 'inst/msg_reg[170]'
INFO: [Synth 8-3333] propagating constant 0 across sequential element (inst/\msg_reg[170] )
INFO: [Synth 8-3886] merging instance 'inst/msg_reg[90]' (FDR) to 'inst/msg_reg[170]'
INFO: [Synth 8-3333] propagating constant 0 across sequential element (inst/\msg_reg[170] )
INFO: [Synth 8-3886] merging instance 'inst/msg_reg[89]' (FDR) to 'inst/msg_reg[170]'
INFO: [Synth 8-3333] propagating constant 0 across sequential element (inst/\msg_reg[170] )
INFO: [Synth 8-3886] merging instance 'inst/msg_reg[88]' (FDR) to 'inst/msg_reg[170]'
INFO: [Synth 8-3333] propagating constant 0 across sequential element (inst/\msg_reg[170] )
INFO: [Synth 8-3886] merging instance 'inst/msg_reg[87]' (FDR) to 'inst/msg_reg[170]'
INFO: [Synth 8-3333] propagating constant 0 across sequential element (inst/\msg_reg[170] )
INFO: [Synth 8-3886] merging instance 'inst/msg_reg[86]' (FDR) to 'inst/msg_reg[170]'
INFO: [Synth 8-3333] propagating constant 0 across sequential element (inst/\msg_reg[170] )
INFO: [Synth 8-3886] merging instance 'inst/msg_reg[85]' (FDR) to 'inst/msg_reg[170]'
INFO: [Synth 8-3333] propagating constant 0 across sequential element (inst/\msg_reg[170] )
INFO: [Synth 8-3886] merging instance 'inst/msg_reg[84]' (FDR) to 'inst/msg_reg[170]'
INFO: [Synth 8-3333] propagating constant 0 across sequential element (inst/\msg_reg[170] )
INFO: [Synth 8-3886] merging instance 'inst/msg_reg[83]' (FDR) to 'inst/msg_reg[170]'
INFO: [Synth 8-3333] propagating constant 0 across sequential element (inst/\msg_reg[170] )
INFO: [Synth 8-3886] merging instance 'inst/msg_reg[82]' (FDR) to 'inst/msg_reg[170]'
INFO: [Synth 8-3333] propagating constant 0 across sequential element (inst/\msg_reg[170] )
INFO: [Synth 8-3886] merging instance 'inst/msg_reg[81]' (FDR) to 'inst/msg_reg[170]'
INFO: [Synth 8-3333] propagating constant 0 across sequential element (inst/\msg_reg[170] )
INFO: [Synth 8-3886] merging instance 'inst/msg_reg[80]' (FDR) to 'inst/msg_reg[170]'
INFO: [Synth 8-3333] propagating constant 0 across sequential element (inst/\msg_reg[170] )
INFO: [Synth 8-3886] merging instance 'inst/msg_reg[79]' (FDR) to 'inst/msg_reg[170]'
INFO: [Synth 8-3333] propagating constant 0 across sequential element (inst/\msg_reg[170] )
INFO: [Synth 8-3886] merging instance 'inst/msg_reg[78]' (FDR) to 'inst/msg_reg[170]'
INFO: [Synth 8-3333] propagating constant 0 across sequential element (inst/\msg_reg[170] )
INFO: [Synth 8-3886] merging instance 'inst/msg_reg[77]' (FDR) to 'inst/msg_reg[170]'
INFO: [Synth 8-3333] propagating constant 0 across sequential element (inst/\msg_reg[170] )
INFO: [Synth 8-3886] merging instance 'inst/msg_reg[76]' (FDR) to 'inst/msg_reg[170]'
INFO: [Synth 8-3333] propagating constant 0 across sequential element (inst/\msg_reg[170] )
INFO: [Synth 8-3886] merging instance 'inst/msg_reg[75]' (FDR) to 'inst/msg_reg[170]'
INFO: [Synth 8-3333] propagating constant 0 across sequential element (inst/\msg_reg[170] )
INFO: [Synth 8-3886] merging instance 'inst/msg_reg[74]' (FDR) to 'inst/msg_reg[170]'
INFO: [Synth 8-3333] propagating constant 0 across sequential element (inst/\msg_reg[170] )
INFO: [Synth 8-3886] merging instance 'inst/msg_reg[73]' (FDR) to 'inst/msg_reg[170]'
INFO: [Synth 8-3333] propagating constant 0 across sequential element (inst/\msg_reg[170] )
INFO: [Synth 8-3886] merging instance 'inst/msg_reg[72]' (FDR) to 'inst/msg_reg[170]'
INFO: [Synth 8-3333] propagating constant 0 across sequential element (inst/\msg_reg[170] )
INFO: [Synth 8-3886] merging instance 'inst/msg_reg[71]' (FDR) to 'inst/msg_reg[170]'
INFO: [Synth 8-3333] propagating constant 0 across sequential element (inst/\msg_reg[170] )
INFO: [Common 17-14] Message 'Synth 8-3333' appears 100 times and further instances of the messages will be disabled. Use the Tcl command set_msg_config to change the current settings.
INFO: [Synth 8-3886] merging instance 'inst/msg_reg[70]' (FDR) to 'inst/msg_reg[170]'
INFO: [Common 17-14] Message 'Synth 8-3886' appears 100 times and further instances of the messages will be disabled. Use the Tcl command set_msg_config to change the current settings.
WARNING: [Synth 8-3332] Sequential element (msg_reg[170]) is unused and will be removed from module main.
---------------------------------------------------------------------------------
Finished Cross Boundary and Area Optimization : Time (s): cpu = 00:00:38 ; elapsed = 00:00:43 . Memory (MB): peak = 816.238 ; gain = 464.027
---------------------------------------------------------------------------------

Report RTL Partitions: 
+-+--------------+------------+----------+
| |RTL Partition |Replication |Instances |
+-+--------------+------------+----------+
+-+--------------+------------+----------+
---------------------------------------------------------------------------------
Start Applying XDC Timing Constraints
---------------------------------------------------------------------------------
---------------------------------------------------------------------------------
Finished Applying XDC Timing Constraints : Time (s): cpu = 00:00:56 ; elapsed = 00:01:03 . Memory (MB): peak = 831.305 ; gain = 479.094
---------------------------------------------------------------------------------
---------------------------------------------------------------------------------
Start Timing Optimization
---------------------------------------------------------------------------------
---------------------------------------------------------------------------------
Finished Timing Optimization : Time (s): cpu = 00:00:56 ; elapsed = 00:01:03 . Memory (MB): peak = 831.492 ; gain = 479.281
---------------------------------------------------------------------------------

Report RTL Partitions: 
+-+--------------+------------+----------+
| |RTL Partition |Replication |Instances |
+-+--------------+------------+----------+
+-+--------------+------------+----------+
---------------------------------------------------------------------------------
Start Technology Mapping
---------------------------------------------------------------------------------
---------------------------------------------------------------------------------
Finished Technology Mapping : Time (s): cpu = 00:00:56 ; elapsed = 00:01:03 . Memory (MB): peak = 850.742 ; gain = 498.531
---------------------------------------------------------------------------------

Report RTL Partitions: 
+-+--------------+------------+----------+
| |RTL Partition |Replication |Instances |
+-+--------------+------------+----------+
+-+--------------+------------+----------+
---------------------------------------------------------------------------------
Start IO Insertion
---------------------------------------------------------------------------------
---------------------------------------------------------------------------------
Start Flattening Before IO Insertion
---------------------------------------------------------------------------------
---------------------------------------------------------------------------------
Finished Flattening Before IO Insertion
---------------------------------------------------------------------------------
---------------------------------------------------------------------------------
Start Final Netlist Cleanup
---------------------------------------------------------------------------------
---------------------------------------------------------------------------------
Finished Final Netlist Cleanup
---------------------------------------------------------------------------------
---------------------------------------------------------------------------------
Finished IO Insertion : Time (s): cpu = 00:00:57 ; elapsed = 00:01:05 . Memory (MB): peak = 850.742 ; gain = 498.531
---------------------------------------------------------------------------------

Report Check Netlist: 
+------+------------------+-------+---------+-------+------------------+
|      |Item              |Errors |Warnings |Status |Description       |
+------+------------------+-------+---------+-------+------------------+
|1     |multi_driven_nets |      0|        0|Passed |Multi driven nets |
+------+------------------+-------+---------+-------+------------------+
---------------------------------------------------------------------------------
Start Renaming Generated Instances
---------------------------------------------------------------------------------
---------------------------------------------------------------------------------
Finished Renaming Generated Instances : Time (s): cpu = 00:00:57 ; elapsed = 00:01:05 . Memory (MB): peak = 850.742 ; gain = 498.531
---------------------------------------------------------------------------------

Report RTL Partitions: 
+-+--------------+------------+----------+
| |RTL Partition |Replication |Instances |
+-+--------------+------------+----------+
+-+--------------+------------+----------+
---------------------------------------------------------------------------------
Start Rebuilding User Hierarchy
---------------------------------------------------------------------------------
---------------------------------------------------------------------------------
Finished Rebuilding User Hierarchy : Time (s): cpu = 00:00:57 ; elapsed = 00:01:05 . Memory (MB): peak = 850.742 ; gain = 498.531
---------------------------------------------------------------------------------
---------------------------------------------------------------------------------
Start Renaming Generated Ports
---------------------------------------------------------------------------------
---------------------------------------------------------------------------------
Finished Renaming Generated Ports : Time (s): cpu = 00:00:57 ; elapsed = 00:01:05 . Memory (MB): peak = 850.742 ; gain = 498.531
---------------------------------------------------------------------------------
---------------------------------------------------------------------------------
Start Handling Custom Attributes
---------------------------------------------------------------------------------
---------------------------------------------------------------------------------
Finished Handling Custom Attributes : Time (s): cpu = 00:00:57 ; elapsed = 00:01:05 . Memory (MB): peak = 850.742 ; gain = 498.531
---------------------------------------------------------------------------------
---------------------------------------------------------------------------------
Start Renaming Generated Nets
---------------------------------------------------------------------------------
---------------------------------------------------------------------------------
Finished Renaming Generated Nets : Time (s): cpu = 00:00:57 ; elapsed = 00:01:05 . Memory (MB): peak = 850.742 ; gain = 498.531
---------------------------------------------------------------------------------
---------------------------------------------------------------------------------
Start ROM, RAM, DSP and Shift Register Reporting
---------------------------------------------------------------------------------

Static Shift Register Report:
+------------+-------------+--------+-------+--------------+--------------------+-------------------+--------+---------+
|Module Name | RTL Name    | Length | Width | Reset Signal | Pull out first Reg | Pull out last Reg | SRL16E | SRLC32E | 
+------------+-------------+--------+-------+--------------+--------------------+-------------------+--------+---------+
|main        | msg_reg[13] | 10     | 1     | YES          | NO                 | YES               | 1      | 0       | 
|main        | msg_reg[26] | 5      | 1     | YES          | NO                 | YES               | 1      | 0       | 
|main        | msg_reg[35] | 4      | 1     | YES          | NO                 | YES               | 1      | 0       | 
+------------+-------------+--------+-------+--------------+--------------------+-------------------+--------+---------+

---------------------------------------------------------------------------------
Finished ROM, RAM, DSP and Shift Register Reporting
---------------------------------------------------------------------------------
---------------------------------------------------------------------------------
Start Writing Synthesis Report
---------------------------------------------------------------------------------

Report BlackBoxes: 
+-+--------------+----------+
| |BlackBox name |Instances |
+-+--------------+----------+
+-+--------------+----------+

Report Cell Usage: 
+------+-------+------+
|      |Cell   |Count |
+------+-------+------+
|1     |CARRY4 |     8|
|2     |LUT1   |    32|
|3     |LUT2   |     3|
|4     |LUT4   |     5|
|5     |LUT5   |     5|
|6     |LUT6   |     3|
|7     |SRL16E |     3|
|8     |FDRE   |    52|
|9     |FDSE   |    21|
|10    |OBUFDS |     2|
+------+-------+------+

Report Instance Areas: 
+------+---------+-------+------+
|      |Instance |Module |Cells |
+------+---------+-------+------+
|1     |top      |       |   134|
|2     |  inst   |main   |   134|
+------+---------+-------+------+
---------------------------------------------------------------------------------
Finished Writing Synthesis Report : Time (s): cpu = 00:00:57 ; elapsed = 00:01:05 . Memory (MB): peak = 850.742 ; gain = 498.531
---------------------------------------------------------------------------------
Synthesis finished with 0 errors, 0 critical warnings and 15 warnings.
Synthesis Optimization Runtime : Time (s): cpu = 00:00:36 ; elapsed = 00:00:52 . Memory (MB): peak = 850.742 ; gain = 184.602
Synthesis Optimization Complete : Time (s): cpu = 00:00:57 ; elapsed = 00:01:05 . Memory (MB): peak = 850.742 ; gain = 498.531
INFO: [Project 1-571] Translating synthesized netlist
INFO: [Netlist 29-17] Analyzing 10 Unisim elements for replacement
INFO: [Netlist 29-28] Unisim Transformation completed in 0 CPU seconds
INFO: [Project 1-570] Preparing netlist for logic optimization
INFO: [Opt 31-138] Pushed 0 inverter(s) to 0 load pin(s).
INFO: [Project 1-111] Unisim Transformation Summary:
No Unisim elements were transformed.

INFO: [Common 17-83] Releasing license: Synthesis
229 Infos, 29 Warnings, 0 Critical Warnings and 0 Errors encountered.
synth_design completed successfully
synth_design: Time (s): cpu = 00:01:00 ; elapsed = 00:01:08 . Memory (MB): peak = 853.102 ; gain = 512.352
INFO: [Common 17-1381] The checkpoint 'C:/Users/HEP/Documents/universefactory/project/project.runs/design_1_main_0_0_synth_1/design_1_main_0_0.dcp' has been generated.
