
*** Running vivado
    with args -log design_1_util_ds_buf_1_0.vds -m64 -product Vivado -mode batch -messageDb vivado.pb -notrace -source design_1_util_ds_buf_1_0.tcl


****** Vivado v2018.1 (64-bit)
  **** SW Build 2188600 on Wed Apr  4 18:40:38 MDT 2018
  **** IP Build 2185939 on Wed Apr  4 20:55:05 MDT 2018
    ** Copyright 1986-2018 Xilinx, Inc. All Rights Reserved.

source design_1_util_ds_buf_1_0.tcl -notrace
Command: synth_design -top design_1_util_ds_buf_1_0 -part xc7z010clg400-1 -mode out_of_context
Starting synth_design
Attempting to get a license for feature 'Synthesis' and/or device 'xc7z010'
INFO: [Common 17-349] Got license for feature 'Synthesis' and/or device 'xc7z010'
INFO: Launching helper process for spawning children vivado processes
INFO: Helper process launched with PID 4604 
---------------------------------------------------------------------------------
Starting RTL Elaboration : Time (s): cpu = 00:00:09 ; elapsed = 00:00:08 . Memory (MB): peak = 451.969 ; gain = 100.188
---------------------------------------------------------------------------------
INFO: [Synth 8-638] synthesizing module 'design_1_util_ds_buf_1_0' [c:/Users/HEP/Documents/universefactory/project/project.srcs/sources_1/bd/design_1/ip/design_1_util_ds_buf_1_0/synth/design_1_util_ds_buf_1_0.vhd:64]
	Parameter C_BUF_TYPE bound to: IBUFDS - type: string 
	Parameter C_SIZE bound to: 1 - type: integer 
INFO: [Synth 8-3491] module 'util_ds_buf' declared at 'c:/Users/HEP/Documents/universefactory/project/project.srcs/sources_1/bd/design_1/ip/design_1_util_ds_buf_1_0/util_ds_buf.vhd:71' bound to instance 'U0' of component 'util_ds_buf' [c:/Users/HEP/Documents/universefactory/project/project.srcs/sources_1/bd/design_1/ip/design_1_util_ds_buf_1_0/synth/design_1_util_ds_buf_1_0.vhd:119]
INFO: [Synth 8-638] synthesizing module 'util_ds_buf' [c:/Users/HEP/Documents/universefactory/project/project.srcs/sources_1/bd/design_1/ip/design_1_util_ds_buf_1_0/util_ds_buf.vhd:128]
	Parameter C_BUF_TYPE bound to: IBUFDS - type: string 
	Parameter C_SIZE bound to: 1 - type: integer 
	Parameter CAPACITANCE bound to: DONT_CARE - type: string 
	Parameter DIFF_TERM bound to: 0 - type: bool 
	Parameter DQS_BIAS bound to: FALSE - type: string 
	Parameter IBUF_DELAY_VALUE bound to: 0 - type: string 
	Parameter IBUF_LOW_PWR bound to: 1 - type: bool 
	Parameter IFD_DELAY_VALUE bound to: AUTO - type: string 
	Parameter IOSTANDARD bound to: DEFAULT - type: string 
INFO: [Synth 8-113] binding component instance 'IBUFDS_I' to cell 'IBUFDS' [c:/Users/HEP/Documents/universefactory/project/project.srcs/sources_1/bd/design_1/ip/design_1_util_ds_buf_1_0/util_ds_buf.vhd:234]
WARNING: [Synth 8-3848] Net BUFG_O in module/entity util_ds_buf does not have driver. [c:/Users/HEP/Documents/universefactory/project/project.srcs/sources_1/bd/design_1/ip/design_1_util_ds_buf_1_0/util_ds_buf.vhd:100]
WARNING: [Synth 8-3848] Net BUFGCE_O in module/entity util_ds_buf does not have driver. [c:/Users/HEP/Documents/universefactory/project/project.srcs/sources_1/bd/design_1/ip/design_1_util_ds_buf_1_0/util_ds_buf.vhd:105]
WARNING: [Synth 8-3848] Net BUFH_O in module/entity util_ds_buf does not have driver. [c:/Users/HEP/Documents/universefactory/project/project.srcs/sources_1/bd/design_1/ip/design_1_util_ds_buf_1_0/util_ds_buf.vhd:109]
WARNING: [Synth 8-3848] Net BUFHCE_O in module/entity util_ds_buf does not have driver. [c:/Users/HEP/Documents/universefactory/project/project.srcs/sources_1/bd/design_1/ip/design_1_util_ds_buf_1_0/util_ds_buf.vhd:114]
WARNING: [Synth 8-3848] Net BUFG_GT_O in module/entity util_ds_buf does not have driver. [c:/Users/HEP/Documents/universefactory/project/project.srcs/sources_1/bd/design_1/ip/design_1_util_ds_buf_1_0/util_ds_buf.vhd:123]
INFO: [Synth 8-256] done synthesizing module 'util_ds_buf' (1#1) [c:/Users/HEP/Documents/universefactory/project/project.srcs/sources_1/bd/design_1/ip/design_1_util_ds_buf_1_0/util_ds_buf.vhd:128]
INFO: [Synth 8-256] done synthesizing module 'design_1_util_ds_buf_1_0' (2#1) [c:/Users/HEP/Documents/universefactory/project/project.srcs/sources_1/bd/design_1/ip/design_1_util_ds_buf_1_0/synth/design_1_util_ds_buf_1_0.vhd:64]
WARNING: [Synth 8-3331] design util_ds_buf has unconnected port BUFG_O[0]
WARNING: [Synth 8-3331] design util_ds_buf has unconnected port BUFGCE_O[0]
WARNING: [Synth 8-3331] design util_ds_buf has unconnected port BUFH_O[0]
WARNING: [Synth 8-3331] design util_ds_buf has unconnected port BUFHCE_O[0]
WARNING: [Synth 8-3331] design util_ds_buf has unconnected port BUFG_GT_O[0]
WARNING: [Synth 8-3331] design util_ds_buf has unconnected port IOBUF_IO_IO[0]
WARNING: [Synth 8-3331] design util_ds_buf has unconnected port OBUF_IN[0]
WARNING: [Synth 8-3331] design util_ds_buf has unconnected port IOBUF_IO_T[0]
WARNING: [Synth 8-3331] design util_ds_buf has unconnected port IOBUF_IO_I[0]
WARNING: [Synth 8-3331] design util_ds_buf has unconnected port BUFG_I[0]
WARNING: [Synth 8-3331] design util_ds_buf has unconnected port BUFGCE_I[0]
WARNING: [Synth 8-3331] design util_ds_buf has unconnected port BUFGCE_CE[0]
WARNING: [Synth 8-3331] design util_ds_buf has unconnected port BUFH_I[0]
WARNING: [Synth 8-3331] design util_ds_buf has unconnected port BUFHCE_I[0]
WARNING: [Synth 8-3331] design util_ds_buf has unconnected port BUFHCE_CE[0]
WARNING: [Synth 8-3331] design util_ds_buf has unconnected port BUFG_GT_I[0]
WARNING: [Synth 8-3331] design util_ds_buf has unconnected port BUFG_GT_CE[0]
WARNING: [Synth 8-3331] design util_ds_buf has unconnected port BUFG_GT_CEMASK[0]
WARNING: [Synth 8-3331] design util_ds_buf has unconnected port BUFG_GT_CLR[0]
WARNING: [Synth 8-3331] design util_ds_buf has unconnected port BUFG_GT_CLRMASK[0]
WARNING: [Synth 8-3331] design util_ds_buf has unconnected port BUFG_GT_DIV[2]
WARNING: [Synth 8-3331] design util_ds_buf has unconnected port BUFG_GT_DIV[1]
WARNING: [Synth 8-3331] design util_ds_buf has unconnected port BUFG_GT_DIV[0]
---------------------------------------------------------------------------------
Finished RTL Elaboration : Time (s): cpu = 00:00:10 ; elapsed = 00:00:10 . Memory (MB): peak = 501.934 ; gain = 150.152
---------------------------------------------------------------------------------

Report Check Netlist: 
+------+------------------+-------+---------+-------+------------------+
|      |Item              |Errors |Warnings |Status |Description       |
+------+------------------+-------+---------+-------+------------------+
|1     |multi_driven_nets |      0|        0|Passed |Multi driven nets |
+------+------------------+-------+---------+-------+------------------+
---------------------------------------------------------------------------------
Start Handling Custom Attributes
---------------------------------------------------------------------------------
---------------------------------------------------------------------------------
Finished Handling Custom Attributes : Time (s): cpu = 00:00:10 ; elapsed = 00:00:10 . Memory (MB): peak = 501.934 ; gain = 150.152
---------------------------------------------------------------------------------
---------------------------------------------------------------------------------
Finished RTL Optimization Phase 1 : Time (s): cpu = 00:00:10 ; elapsed = 00:00:10 . Memory (MB): peak = 501.934 ; gain = 150.152
---------------------------------------------------------------------------------
INFO: [Netlist 29-17] Analyzing 1 Unisim elements for replacement
INFO: [Netlist 29-28] Unisim Transformation completed in 0 CPU seconds
INFO: [Device 21-403] Loading part xc7z010clg400-1
INFO: [Project 1-570] Preparing netlist for logic optimization

Processing XDC Constraints
Initializing timing engine
Parsing XDC File [c:/Users/HEP/Documents/universefactory/project/project.srcs/sources_1/bd/design_1/ip/design_1_util_ds_buf_1_0/design_1_util_ds_buf_1_0_ooc.xdc] for cell 'U0'
Finished Parsing XDC File [c:/Users/HEP/Documents/universefactory/project/project.srcs/sources_1/bd/design_1/ip/design_1_util_ds_buf_1_0/design_1_util_ds_buf_1_0_ooc.xdc] for cell 'U0'
Parsing XDC File [c:/Users/HEP/Documents/universefactory/project/project.srcs/sources_1/bd/design_1/ip/design_1_util_ds_buf_1_0/design_1_util_ds_buf_1_0_board.xdc] for cell 'U0'
Finished Parsing XDC File [c:/Users/HEP/Documents/universefactory/project/project.srcs/sources_1/bd/design_1/ip/design_1_util_ds_buf_1_0/design_1_util_ds_buf_1_0_board.xdc] for cell 'U0'
Parsing XDC File [c:/Users/HEP/Documents/universefactory/project/project.srcs/sources_1/bd/design_1/ip/design_1_util_ds_buf_1_0/design_1_util_ds_buf_1_0.xdc] for cell 'U0'
Finished Parsing XDC File [c:/Users/HEP/Documents/universefactory/project/project.srcs/sources_1/bd/design_1/ip/design_1_util_ds_buf_1_0/design_1_util_ds_buf_1_0.xdc] for cell 'U0'
Parsing XDC File [C:/Users/HEP/Documents/universefactory/project/project.runs/design_1_util_ds_buf_1_0_synth_1/dont_touch.xdc]
Finished Parsing XDC File [C:/Users/HEP/Documents/universefactory/project/project.runs/design_1_util_ds_buf_1_0_synth_1/dont_touch.xdc]
Completed Processing XDC Constraints

INFO: [Project 1-111] Unisim Transformation Summary:
No Unisim elements were transformed.

Constraint Validation Runtime : Time (s): cpu = 00:00:00 ; elapsed = 00:00:00.018 . Memory (MB): peak = 737.563 ; gain = 1.555
---------------------------------------------------------------------------------
Finished Constraint Validation : Time (s): cpu = 00:00:29 ; elapsed = 00:00:30 . Memory (MB): peak = 737.563 ; gain = 385.781
---------------------------------------------------------------------------------
---------------------------------------------------------------------------------
Start Loading Part and Timing Information
---------------------------------------------------------------------------------
Loading part: xc7z010clg400-1
---------------------------------------------------------------------------------
Finished Loading Part and Timing Information : Time (s): cpu = 00:00:29 ; elapsed = 00:00:30 . Memory (MB): peak = 737.563 ; gain = 385.781
---------------------------------------------------------------------------------
---------------------------------------------------------------------------------
Start Applying 'set_property' XDC Constraints
---------------------------------------------------------------------------------
Applied set_property DONT_TOUCH = true for U0. (constraint file  C:/Users/HEP/Documents/universefactory/project/project.runs/design_1_util_ds_buf_1_0_synth_1/dont_touch.xdc, line 9).
---------------------------------------------------------------------------------
Finished applying 'set_property' XDC Constraints : Time (s): cpu = 00:00:29 ; elapsed = 00:00:30 . Memory (MB): peak = 737.563 ; gain = 385.781
---------------------------------------------------------------------------------
---------------------------------------------------------------------------------
Finished RTL Optimization Phase 2 : Time (s): cpu = 00:00:29 ; elapsed = 00:00:31 . Memory (MB): peak = 737.563 ; gain = 385.781
---------------------------------------------------------------------------------

Report RTL Partitions: 
+-+--------------+------------+----------+
| |RTL Partition |Replication |Instances |
+-+--------------+------------+----------+
+-+--------------+------------+----------+
---------------------------------------------------------------------------------
Start RTL Component Statistics 
---------------------------------------------------------------------------------
Detailed RTL Component Info : 
---------------------------------------------------------------------------------
Finished RTL Component Statistics 
---------------------------------------------------------------------------------
---------------------------------------------------------------------------------
Start RTL Hierarchical Component Statistics 
---------------------------------------------------------------------------------
Hierarchical RTL Component report 
---------------------------------------------------------------------------------
Finished RTL Hierarchical Component Statistics
---------------------------------------------------------------------------------
---------------------------------------------------------------------------------
Start Part Resource Summary
---------------------------------------------------------------------------------
Part Resources:
DSPs: 80 (col length:40)
BRAMs: 120 (col length: RAMB18 40 RAMB36 20)
---------------------------------------------------------------------------------
Finished Part Resource Summary
---------------------------------------------------------------------------------
---------------------------------------------------------------------------------
Start Cross Boundary and Area Optimization
---------------------------------------------------------------------------------
Warning: Parallel synthesis criteria is not met 
WARNING: [Synth 8-3331] design util_ds_buf has unconnected port BUFG_O[0]
WARNING: [Synth 8-3331] design util_ds_buf has unconnected port BUFGCE_O[0]
WARNING: [Synth 8-3331] design util_ds_buf has unconnected port BUFH_O[0]
WARNING: [Synth 8-3331] design util_ds_buf has unconnected port BUFHCE_O[0]
WARNING: [Synth 8-3331] design util_ds_buf has unconnected port BUFG_GT_O[0]
WARNING: [Synth 8-3331] design util_ds_buf has unconnected port IOBUF_IO_IO[0]
WARNING: [Synth 8-3331] design util_ds_buf has unconnected port OBUF_IN[0]
WARNING: [Synth 8-3331] design util_ds_buf has unconnected port IOBUF_IO_T[0]
WARNING: [Synth 8-3331] design util_ds_buf has unconnected port IOBUF_IO_I[0]
WARNING: [Synth 8-3331] design util_ds_buf has unconnected port BUFG_I[0]
WARNING: [Synth 8-3331] design util_ds_buf has unconnected port BUFGCE_I[0]
WARNING: [Synth 8-3331] design util_ds_buf has unconnected port BUFGCE_CE[0]
WARNING: [Synth 8-3331] design util_ds_buf has unconnected port BUFH_I[0]
WARNING: [Synth 8-3331] design util_ds_buf has unconnected port BUFHCE_I[0]
WARNING: [Synth 8-3331] design util_ds_buf has unconnected port BUFHCE_CE[0]
WARNING: [Synth 8-3331] design util_ds_buf has unconnected port BUFG_GT_I[0]
WARNING: [Synth 8-3331] design util_ds_buf has unconnected port BUFG_GT_CE[0]
WARNING: [Synth 8-3331] design util_ds_buf has unconnected port BUFG_GT_CEMASK[0]
WARNING: [Synth 8-3331] design util_ds_buf has unconnected port BUFG_GT_CLR[0]
WARNING: [Synth 8-3331] design util_ds_buf has unconnected port BUFG_GT_CLRMASK[0]
WARNING: [Synth 8-3331] design util_ds_buf has unconnected port BUFG_GT_DIV[2]
WARNING: [Synth 8-3331] design util_ds_buf has unconnected port BUFG_GT_DIV[1]
WARNING: [Synth 8-3331] design util_ds_buf has unconnected port BUFG_GT_DIV[0]
---------------------------------------------------------------------------------
Finished Cross Boundary and Area Optimization : Time (s): cpu = 00:00:30 ; elapsed = 00:00:32 . Memory (MB): peak = 737.563 ; gain = 385.781
---------------------------------------------------------------------------------

Report RTL Partitions: 
+-+--------------+------------+----------+
| |RTL Partition |Replication |Instances |
+-+--------------+------------+----------+
+-+--------------+------------+----------+
---------------------------------------------------------------------------------
Start Applying XDC Timing Constraints
---------------------------------------------------------------------------------
---------------------------------------------------------------------------------
Finished Applying XDC Timing Constraints : Time (s): cpu = 00:00:46 ; elapsed = 00:00:49 . Memory (MB): peak = 807.613 ; gain = 455.832
---------------------------------------------------------------------------------
---------------------------------------------------------------------------------
Start Timing Optimization
---------------------------------------------------------------------------------
---------------------------------------------------------------------------------
Finished Timing Optimization : Time (s): cpu = 00:00:46 ; elapsed = 00:00:49 . Memory (MB): peak = 807.613 ; gain = 455.832
---------------------------------------------------------------------------------

Report RTL Partitions: 
+-+--------------+------------+----------+
| |RTL Partition |Replication |Instances |
+-+--------------+------------+----------+
+-+--------------+------------+----------+
---------------------------------------------------------------------------------
Start Technology Mapping
---------------------------------------------------------------------------------
---------------------------------------------------------------------------------
Finished Technology Mapping : Time (s): cpu = 00:00:46 ; elapsed = 00:00:49 . Memory (MB): peak = 807.613 ; gain = 455.832
---------------------------------------------------------------------------------

Report RTL Partitions: 
+-+--------------+------------+----------+
| |RTL Partition |Replication |Instances |
+-+--------------+------------+----------+
+-+--------------+------------+----------+
---------------------------------------------------------------------------------
Start IO Insertion
---------------------------------------------------------------------------------
---------------------------------------------------------------------------------
Start Flattening Before IO Insertion
---------------------------------------------------------------------------------
---------------------------------------------------------------------------------
Finished Flattening Before IO Insertion
---------------------------------------------------------------------------------
---------------------------------------------------------------------------------
Start Final Netlist Cleanup
---------------------------------------------------------------------------------
---------------------------------------------------------------------------------
Finished Final Netlist Cleanup
---------------------------------------------------------------------------------
---------------------------------------------------------------------------------
Finished IO Insertion : Time (s): cpu = 00:00:48 ; elapsed = 00:00:50 . Memory (MB): peak = 809.262 ; gain = 457.480
---------------------------------------------------------------------------------

Report Check Netlist: 
+------+------------------+-------+---------+-------+------------------+
|      |Item              |Errors |Warnings |Status |Description       |
+------+------------------+-------+---------+-------+------------------+
|1     |multi_driven_nets |      0|        0|Passed |Multi driven nets |
+------+------------------+-------+---------+-------+------------------+
---------------------------------------------------------------------------------
Start Renaming Generated Instances
---------------------------------------------------------------------------------
---------------------------------------------------------------------------------
Finished Renaming Generated Instances : Time (s): cpu = 00:00:48 ; elapsed = 00:00:50 . Memory (MB): peak = 809.262 ; gain = 457.480
---------------------------------------------------------------------------------

Report RTL Partitions: 
+-+--------------+------------+----------+
| |RTL Partition |Replication |Instances |
+-+--------------+------------+----------+
+-+--------------+------------+----------+
---------------------------------------------------------------------------------
Start Rebuilding User Hierarchy
---------------------------------------------------------------------------------
---------------------------------------------------------------------------------
Finished Rebuilding User Hierarchy : Time (s): cpu = 00:00:48 ; elapsed = 00:00:50 . Memory (MB): peak = 809.262 ; gain = 457.480
---------------------------------------------------------------------------------
---------------------------------------------------------------------------------
Start Renaming Generated Ports
---------------------------------------------------------------------------------
---------------------------------------------------------------------------------
Finished Renaming Generated Ports : Time (s): cpu = 00:00:48 ; elapsed = 00:00:50 . Memory (MB): peak = 809.262 ; gain = 457.480
---------------------------------------------------------------------------------
---------------------------------------------------------------------------------
Start Handling Custom Attributes
---------------------------------------------------------------------------------
---------------------------------------------------------------------------------
Finished Handling Custom Attributes : Time (s): cpu = 00:00:48 ; elapsed = 00:00:50 . Memory (MB): peak = 809.262 ; gain = 457.480
---------------------------------------------------------------------------------
---------------------------------------------------------------------------------
Start Renaming Generated Nets
---------------------------------------------------------------------------------
---------------------------------------------------------------------------------
Finished Renaming Generated Nets : Time (s): cpu = 00:00:48 ; elapsed = 00:00:50 . Memory (MB): peak = 809.262 ; gain = 457.480
---------------------------------------------------------------------------------
---------------------------------------------------------------------------------
Start Writing Synthesis Report
---------------------------------------------------------------------------------

Report BlackBoxes: 
+-+--------------+----------+
| |BlackBox name |Instances |
+-+--------------+----------+
+-+--------------+----------+

Report Cell Usage: 
+------+-------+------+
|      |Cell   |Count |
+------+-------+------+
|1     |IBUFDS |     1|
+------+-------+------+

Report Instance Areas: 
+------+---------+------------+------+
|      |Instance |Module      |Cells |
+------+---------+------------+------+
|1     |top      |            |     1|
|2     |  U0     |util_ds_buf |     1|
+------+---------+------------+------+
---------------------------------------------------------------------------------
Finished Writing Synthesis Report : Time (s): cpu = 00:00:48 ; elapsed = 00:00:50 . Memory (MB): peak = 809.262 ; gain = 457.480
---------------------------------------------------------------------------------
Synthesis finished with 0 errors, 0 critical warnings and 23 warnings.
Synthesis Optimization Runtime : Time (s): cpu = 00:00:27 ; elapsed = 00:00:38 . Memory (MB): peak = 809.262 ; gain = 221.852
Synthesis Optimization Complete : Time (s): cpu = 00:00:48 ; elapsed = 00:00:50 . Memory (MB): peak = 809.266 ; gain = 457.480
INFO: [Project 1-571] Translating synthesized netlist
INFO: [Netlist 29-17] Analyzing 1 Unisim elements for replacement
INFO: [Netlist 29-28] Unisim Transformation completed in 0 CPU seconds
INFO: [Project 1-570] Preparing netlist for logic optimization
INFO: [Opt 31-138] Pushed 0 inverter(s) to 0 load pin(s).
INFO: [Project 1-111] Unisim Transformation Summary:
No Unisim elements were transformed.

INFO: [Common 17-83] Releasing license: Synthesis
19 Infos, 51 Warnings, 0 Critical Warnings and 0 Errors encountered.
synth_design completed successfully
synth_design: Time (s): cpu = 00:00:50 ; elapsed = 00:00:53 . Memory (MB): peak = 827.816 ; gain = 487.496
INFO: [Common 17-1381] The checkpoint 'C:/Users/HEP/Documents/universefactory/project/project.runs/design_1_util_ds_buf_1_0_synth_1/design_1_util_ds_buf_1_0.dcp' has been generated.
