17:42:32 **** Incremental Build of configuration Debug for project main_ps ****
make pre-build main-build 
a9-linaro-pre-build-step
' '
'Building file: ../src/helloworld.c'
'Invoking: ARM v7 gcc compiler'
arm-none-eabi-gcc -Wall -O0 -g3 -c -fmessage-length=0 -MT"src/helloworld.o" -mcpu=cortex-a9 -mfpu=vfpv3 -mfloat-abi=hard -I../../main_ps_bsp/ps7_cortexa9_0/include -MMD -MP -MF"src/helloworld.d" -MT"src/helloworld.o" -o "src/helloworld.o" "../src/helloworld.c"
../src/helloworld.c: In function 'cccd':
../src/helloworld.c:102:2: warning: implicit declaration of function 'printb'; did you mean 'print'? [-Wimplicit-function-declaration]
  printb(&comms[0]);
  ^~~~~~
  print
../src/helloworld.c: In function 'main':
../src/helloworld.c:110:2: warning: implicit declaration of function 'ghjk' [-Wimplicit-function-declaration]
  ghjk();
  ^~~~
../src/helloworld.c: At top level:
../src/helloworld.c:119:6: warning: conflicting types for 'ghjk'
 void ghjk(){
      ^~~~
../src/helloworld.c:110:2: note: previous implicit declaration of 'ghjk' was here
  ghjk();
  ^~~~
../src/helloworld.c: In function 'ghjk':
../src/helloworld.c:157:7: warning: variable 'gaaaaaabage' set but not used [-Wunused-but-set-variable]
   int gaaaaaabage = 0;
       ^~~~~~~~~~~
../src/helloworld.c: At top level:
../src/helloworld.c:212:21: warning: type defaults to 'int' in declaration of 'ptr' [-Wimplicit-int]
 void printb(const * ptr)
                     ^~~
../src/helloworld.c:212:6: warning: conflicting types for 'printb'
 void printb(const * ptr)
      ^~~~~~
../src/helloworld.c:102:2: note: previous implicit declaration of 'printb' was here
  printb(&comms[0]);
  ^~~~~~
'Finished building: ../src/helloworld.c'
' '
'Building target: main_ps.elf'
'Invoking: ARM v7 gcc linker'
arm-none-eabi-gcc -mcpu=cortex-a9 -mfpu=vfpv3 -mfloat-abi=hard -Wl,-build-id=none -specs=Xilinx.spec -Wl,-T -Wl,../src/lscript.ld -L../../main_ps_bsp/ps7_cortexa9_0/lib -o "main_ps.elf"  ./src/helloworld.o ./src/platform.o   -Wl,--start-group,-lxil,-lgcc,-lc,--end-group
'Finished building target: main_ps.elf'
' '
'Invoking: ARM v7 Print Size'
arm-none-eabi-size main_ps.elf  |tee "main_ps.elf.size"
   text	   data	    bss	    dec	    hex	filename
  72100	   2588	  23328	  98016	  17ee0	main_ps.elf
'Finished building: main_ps.elf.size'
' '

17:42:33 Build Finished (took 1s.0ms)

